<?xml version="1.0" encoding="UTF-8"?>
<!-- Generated by org.testng.reporters.JUnitXMLReporter -->
<testsuite hostname="ROHINAIN02" ignored="1" name="homeLoan" tests="1" failures="0" timestamp="17 Apr 2019 13:16:53 GMT" time="0.003" errors="0">
  <testcase name="homeLoanAppium" time="0.001" classname="loanexample.HomeLoan"/>
  <testcase name="homeLoanSelenium" time="0.0" classname="loanexample.HomeLoan">
    <ignored/>
  </testcase> <!-- homeLoanSelenium -->
</testsuite> <!-- homeLoan -->
